The target system is: Windows -  - 
The host system is: Linux - 4.15.5-1-ARCH - x86_64
Compiling the C compiler identification source file "CMakeCCompilerId.c" succeeded.
Compiler: /home/gregwar/git/mxe/usr/bin/i686-w64-mingw32.shared.posix-gcc 
Build flags: 
Id flags:  

The output was:
0


Compilation of the C compiler identification source "CMakeCCompilerId.c" produced "a.exe"

The C compiler identification is GNU, found in "/home/gregwar/git/solarus/build_win32/CMakeFiles/3.10.0/CompilerIdC/a.exe"

Compiling the CXX compiler identification source file "CMakeCXXCompilerId.cpp" succeeded.
Compiler: /home/gregwar/git/mxe/usr/bin/i686-w64-mingw32.shared.posix-g++ 
Build flags: 
Id flags:  

The output was:
0


Compilation of the CXX compiler identification source "CMakeCXXCompilerId.cpp" produced "a.exe"

The CXX compiler identification is GNU, found in "/home/gregwar/git/solarus/build_win32/CMakeFiles/3.10.0/CompilerIdCXX/a.exe"

Determining if the C compiler works passed with the following output:
Change Dir: /home/gregwar/git/solarus/build_win32/CMakeFiles/CMakeTmp

Run Build Command:"/bin/make" "cmTC_7ac23/fast"
/bin/make -f CMakeFiles/cmTC_7ac23.dir/build.make CMakeFiles/cmTC_7ac23.dir/build
make[1] : on entre dans le répertoire « /home/gregwar/git/solarus/build_win32/CMakeFiles/CMakeTmp »
Building C object CMakeFiles/cmTC_7ac23.dir/testCCompiler.c.obj
/home/gregwar/git/mxe/usr/bin/i686-w64-mingw32.shared.posix-gcc    -o CMakeFiles/cmTC_7ac23.dir/testCCompiler.c.obj   -c /home/gregwar/git/solarus/build_win32/CMakeFiles/CMakeTmp/testCCompiler.c
Linking C executable cmTC_7ac23.exe
/home/gregwar/git/mxe/usr/x86_64-pc-linux-gnu/bin/cmake -E cmake_link_script CMakeFiles/cmTC_7ac23.dir/link.txt --verbose=1
/home/gregwar/git/mxe/usr/x86_64-pc-linux-gnu/bin/cmake -E remove -f CMakeFiles/cmTC_7ac23.dir/objects.a
/home/gregwar/git/mxe/usr/bin/i686-w64-mingw32.shared.posix-ar cr CMakeFiles/cmTC_7ac23.dir/objects.a @CMakeFiles/cmTC_7ac23.dir/objects1.rsp
/home/gregwar/git/mxe/usr/bin/i686-w64-mingw32.shared.posix-gcc      -Wl,--whole-archive CMakeFiles/cmTC_7ac23.dir/objects.a -Wl,--no-whole-archive  -o cmTC_7ac23.exe -Wl,--out-implib,libcmTC_7ac23.dll.a -Wl,--major-image-version,0,--minor-image-version,0 @CMakeFiles/cmTC_7ac23.dir/linklibs.rsp
make[1] : on quitte le répertoire « /home/gregwar/git/solarus/build_win32/CMakeFiles/CMakeTmp »


Detecting C compiler ABI info compiled with the following output:
Change Dir: /home/gregwar/git/solarus/build_win32/CMakeFiles/CMakeTmp

Run Build Command:"/bin/make" "cmTC_2ef8c/fast"
/bin/make -f CMakeFiles/cmTC_2ef8c.dir/build.make CMakeFiles/cmTC_2ef8c.dir/build
make[1] : on entre dans le répertoire « /home/gregwar/git/solarus/build_win32/CMakeFiles/CMakeTmp »
Building C object CMakeFiles/cmTC_2ef8c.dir/CMakeCCompilerABI.c.obj
/home/gregwar/git/mxe/usr/bin/i686-w64-mingw32.shared.posix-gcc    -o CMakeFiles/cmTC_2ef8c.dir/CMakeCCompilerABI.c.obj   -c /home/gregwar/git/mxe/usr/x86_64-pc-linux-gnu/share/cmake-3.10/Modules/CMakeCCompilerABI.c
Linking C executable cmTC_2ef8c.exe
/home/gregwar/git/mxe/usr/x86_64-pc-linux-gnu/bin/cmake -E cmake_link_script CMakeFiles/cmTC_2ef8c.dir/link.txt --verbose=1
/home/gregwar/git/mxe/usr/x86_64-pc-linux-gnu/bin/cmake -E remove -f CMakeFiles/cmTC_2ef8c.dir/objects.a
/home/gregwar/git/mxe/usr/bin/i686-w64-mingw32.shared.posix-ar cr CMakeFiles/cmTC_2ef8c.dir/objects.a @CMakeFiles/cmTC_2ef8c.dir/objects1.rsp
/home/gregwar/git/mxe/usr/bin/i686-w64-mingw32.shared.posix-gcc     -v -Wl,--whole-archive CMakeFiles/cmTC_2ef8c.dir/objects.a -Wl,--no-whole-archive  -o cmTC_2ef8c.exe -Wl,--out-implib,libcmTC_2ef8c.dll.a -Wl,--major-image-version,0,--minor-image-version,0 
Using built-in specs.
COLLECT_GCC=/home/gregwar/git/mxe/usr/bin/i686-w64-mingw32.shared.posix-gcc
COLLECT_LTO_WRAPPER=/home/gregwar/git/mxe/usr/libexec/gcc/i686-w64-mingw32.shared.posix/5.4.0/lto-wrapper
Target: i686-w64-mingw32.shared.posix
Configured with: /home/gregwar/git/mxe/tmp-gcc-i686-w64-mingw32.shared.posix/gcc-5.4.0/configure ac_cv_prog_HAVE_DOXYGEN=false --enable-doc=no --enable-gtk-doc=no --enable-gtk-doc-html=no --enable-gtk-doc-pdf=no --docdir=/home/gregwar/git/mxe/tmp-gcc-i686-w64-mingw32.shared.posix/gcc-5.4.0.build_.sink --infodir=/home/gregwar/git/mxe/tmp-gcc-i686-w64-mingw32.shared.posix/gcc-5.4.0.build_.sink --mandir=/home/gregwar/git/mxe/tmp-gcc-i686-w64-mingw32.shared.posix/gcc-5.4.0.build_.sink --with-html-dir=/home/gregwar/git/mxe/tmp-gcc-i686-w64-mingw32.shared.posix/gcc-5.4.0.build_.sink --disable-doxygen --target=i686-w64-mingw32.shared.posix --build=x86_64-pc-linux-gnu --prefix=/home/gregwar/git/mxe/usr --libdir=/home/gregwar/git/mxe/usr/lib --enable-languages=c,c++,objc,fortran --enable-version-specific-runtime-libs --with-gcc --with-gnu-ld --with-gnu-as --disable-nls --disable-multilib --without-x --disable-win32-registry --enable-threads=posix --enable-sjlj-exceptions --enable-libgomp --with-gmp=/home/gregwar/git/mxe/usr/x86_64-pc-linux-gnu --with-isl=/home/gregwar/git/mxe/usr/x86_64-pc-linux-gnu --with-mpc=/home/gregwar/git/mxe/usr/x86_64-pc-linux-gnu --with-mpfr=/home/gregwar/git/mxe/usr/x86_64-pc-linux-gnu --with-as=/home/gregwar/git/mxe/usr/bin/i686-w64-mingw32.shared.posix-as --with-ld=/home/gregwar/git/mxe/usr/bin/i686-w64-mingw32.shared.posix-ld --with-nm=/home/gregwar/git/mxe/usr/bin/i686-w64-mingw32.shared.posix-nm
Thread model: posix
gcc version 5.4.0 (GCC) 
COMPILER_PATH=/home/gregwar/git/mxe/usr/libexec/gcc/i686-w64-mingw32.shared.posix/5.4.0/:/home/gregwar/git/mxe/usr/libexec/gcc/i686-w64-mingw32.shared.posix/5.4.0/:/home/gregwar/git/mxe/usr/libexec/gcc/i686-w64-mingw32.shared.posix/:/home/gregwar/git/mxe/usr/lib/gcc/i686-w64-mingw32.shared.posix/5.4.0/:/home/gregwar/git/mxe/usr/lib/gcc/i686-w64-mingw32.shared.posix/:/home/gregwar/git/mxe/usr/lib/gcc/i686-w64-mingw32.shared.posix/5.4.0/../../../../i686-w64-mingw32.shared.posix/bin/
LIBRARY_PATH=/home/gregwar/git/mxe/usr/lib/gcc/i686-w64-mingw32.shared.posix/5.4.0/:/home/gregwar/git/mxe/usr/lib/gcc/i686-w64-mingw32.shared.posix/5.4.0/../../../../i686-w64-mingw32.shared.posix/lib/../lib/:/home/gregwar/git/mxe/usr/lib/gcc/i686-w64-mingw32.shared.posix/5.4.0/../../../../i686-w64-mingw32.shared.posix/lib/
COLLECT_GCC_OPTIONS='-v' '-o' 'cmTC_2ef8c.exe' '-mtune=generic' '-march=pentiumpro'
 /home/gregwar/git/mxe/usr/libexec/gcc/i686-w64-mingw32.shared.posix/5.4.0/collect2 -plugin /home/gregwar/git/mxe/usr/libexec/gcc/i686-w64-mingw32.shared.posix/5.4.0/liblto_plugin.so -plugin-opt=/home/gregwar/git/mxe/usr/libexec/gcc/i686-w64-mingw32.shared.posix/5.4.0/lto-wrapper -plugin-opt=-fresolution=/tmp/ccuj9gL6.res -plugin-opt=-pass-through=-lmingw32 -plugin-opt=-pass-through=-lgcc -plugin-opt=-pass-through=-lgcc_eh -plugin-opt=-pass-through=-lmoldname -plugin-opt=-pass-through=-lmingwex -plugin-opt=-pass-through=-lmsvcrt -plugin-opt=-pass-through=-lpthread -plugin-opt=-pass-through=-ladvapi32 -plugin-opt=-pass-through=-lshell32 -plugin-opt=-pass-through=-luser32 -plugin-opt=-pass-through=-lkernel32 -plugin-opt=-pass-through=-lmingw32 -plugin-opt=-pass-through=-lgcc -plugin-opt=-pass-through=-lgcc_eh -plugin-opt=-pass-through=-lmoldname -plugin-opt=-pass-through=-lmingwex -plugin-opt=-pass-through=-lmsvcrt -m i386pe -Bdynamic -o cmTC_2ef8c.exe /home/gregwar/git/mxe/usr/lib/gcc/i686-w64-mingw32.shared.posix/5.4.0/../../../../i686-w64-mingw32.shared.posix/lib/../lib/crt2.o /home/gregwar/git/mxe/usr/lib/gcc/i686-w64-mingw32.shared.posix/5.4.0/crtbegin.o -L/home/gregwar/git/mxe/usr/lib/gcc/i686-w64-mingw32.shared.posix/5.4.0 -L/home/gregwar/git/mxe/usr/lib/gcc/i686-w64-mingw32.shared.posix/5.4.0/../../../../i686-w64-mingw32.shared.posix/lib/../lib -L/home/gregwar/git/mxe/usr/lib/gcc/i686-w64-mingw32.shared.posix/5.4.0/../../../../i686-w64-mingw32.shared.posix/lib --whole-archive CMakeFiles/cmTC_2ef8c.dir/objects.a --no-whole-archive --out-implib libcmTC_2ef8c.dll.a --major-image-version 0 --minor-image-version 0 -lmingw32 -lgcc -lgcc_eh -lmoldname -lmingwex -lmsvcrt -lpthread -ladvapi32 -lshell32 -luser32 -lkernel32 -lmingw32 -lgcc -lgcc_eh -lmoldname -lmingwex -lmsvcrt /home/gregwar/git/mxe/usr/lib/gcc/i686-w64-mingw32.shared.posix/5.4.0/crtend.o
make[1] : on quitte le répertoire « /home/gregwar/git/solarus/build_win32/CMakeFiles/CMakeTmp »


Parsed C implicit link information from above output:
  link line regex: [^( *|.*[/\])(i686-w64-mingw32\.shared\.posix-ld|CMAKE_LINK_STARTFILE-NOTFOUND|([^/\]+-)?ld|collect2)[^/\]*( |$)]
  ignore line: [Change Dir: /home/gregwar/git/solarus/build_win32/CMakeFiles/CMakeTmp]
  ignore line: []
  ignore line: [Run Build Command:"/bin/make" "cmTC_2ef8c/fast"]
  ignore line: [/bin/make -f CMakeFiles/cmTC_2ef8c.dir/build.make CMakeFiles/cmTC_2ef8c.dir/build]
  ignore line: [make[1] : on entre dans le répertoire « /home/gregwar/git/solarus/build_win32/CMakeFiles/CMakeTmp »]
  ignore line: [Building C object CMakeFiles/cmTC_2ef8c.dir/CMakeCCompilerABI.c.obj]
  ignore line: [/home/gregwar/git/mxe/usr/bin/i686-w64-mingw32.shared.posix-gcc    -o CMakeFiles/cmTC_2ef8c.dir/CMakeCCompilerABI.c.obj   -c /home/gregwar/git/mxe/usr/x86_64-pc-linux-gnu/share/cmake-3.10/Modules/CMakeCCompilerABI.c]
  ignore line: [Linking C executable cmTC_2ef8c.exe]
  ignore line: [/home/gregwar/git/mxe/usr/x86_64-pc-linux-gnu/bin/cmake -E cmake_link_script CMakeFiles/cmTC_2ef8c.dir/link.txt --verbose=1]
  ignore line: [/home/gregwar/git/mxe/usr/x86_64-pc-linux-gnu/bin/cmake -E remove -f CMakeFiles/cmTC_2ef8c.dir/objects.a]
  ignore line: [/home/gregwar/git/mxe/usr/bin/i686-w64-mingw32.shared.posix-ar cr CMakeFiles/cmTC_2ef8c.dir/objects.a @CMakeFiles/cmTC_2ef8c.dir/objects1.rsp]
  ignore line: [/home/gregwar/git/mxe/usr/bin/i686-w64-mingw32.shared.posix-gcc     -v -Wl,--whole-archive CMakeFiles/cmTC_2ef8c.dir/objects.a -Wl,--no-whole-archive  -o cmTC_2ef8c.exe -Wl,--out-implib,libcmTC_2ef8c.dll.a -Wl,--major-image-version,0,--minor-image-version,0 ]
  ignore line: [Using built-in specs.]
  ignore line: [COLLECT_GCC=/home/gregwar/git/mxe/usr/bin/i686-w64-mingw32.shared.posix-gcc]
  ignore line: [COLLECT_LTO_WRAPPER=/home/gregwar/git/mxe/usr/libexec/gcc/i686-w64-mingw32.shared.posix/5.4.0/lto-wrapper]
  ignore line: [Target: i686-w64-mingw32.shared.posix]
  ignore line: [Configured with: /home/gregwar/git/mxe/tmp-gcc-i686-w64-mingw32.shared.posix/gcc-5.4.0/configure ac_cv_prog_HAVE_DOXYGEN=false --enable-doc=no --enable-gtk-doc=no --enable-gtk-doc-html=no --enable-gtk-doc-pdf=no --docdir=/home/gregwar/git/mxe/tmp-gcc-i686-w64-mingw32.shared.posix/gcc-5.4.0.build_.sink --infodir=/home/gregwar/git/mxe/tmp-gcc-i686-w64-mingw32.shared.posix/gcc-5.4.0.build_.sink --mandir=/home/gregwar/git/mxe/tmp-gcc-i686-w64-mingw32.shared.posix/gcc-5.4.0.build_.sink --with-html-dir=/home/gregwar/git/mxe/tmp-gcc-i686-w64-mingw32.shared.posix/gcc-5.4.0.build_.sink --disable-doxygen --target=i686-w64-mingw32.shared.posix --build=x86_64-pc-linux-gnu --prefix=/home/gregwar/git/mxe/usr --libdir=/home/gregwar/git/mxe/usr/lib --enable-languages=c,c++,objc,fortran --enable-version-specific-runtime-libs --with-gcc --with-gnu-ld --with-gnu-as --disable-nls --disable-multilib --without-x --disable-win32-registry --enable-threads=posix --enable-sjlj-exceptions --enable-libgomp --with-gmp=/home/gregwar/git/mxe/usr/x86_64-pc-linux-gnu --with-isl=/home/gregwar/git/mxe/usr/x86_64-pc-linux-gnu --with-mpc=/home/gregwar/git/mxe/usr/x86_64-pc-linux-gnu --with-mpfr=/home/gregwar/git/mxe/usr/x86_64-pc-linux-gnu --with-as=/home/gregwar/git/mxe/usr/bin/i686-w64-mingw32.shared.posix-as --with-ld=/home/gregwar/git/mxe/usr/bin/i686-w64-mingw32.shared.posix-ld --with-nm=/home/gregwar/git/mxe/usr/bin/i686-w64-mingw32.shared.posix-nm]
  ignore line: [Thread model: posix]
  ignore line: [gcc version 5.4.0 (GCC) ]
  ignore line: [COMPILER_PATH=/home/gregwar/git/mxe/usr/libexec/gcc/i686-w64-mingw32.shared.posix/5.4.0/:/home/gregwar/git/mxe/usr/libexec/gcc/i686-w64-mingw32.shared.posix/5.4.0/:/home/gregwar/git/mxe/usr/libexec/gcc/i686-w64-mingw32.shared.posix/:/home/gregwar/git/mxe/usr/lib/gcc/i686-w64-mingw32.shared.posix/5.4.0/:/home/gregwar/git/mxe/usr/lib/gcc/i686-w64-mingw32.shared.posix/:/home/gregwar/git/mxe/usr/lib/gcc/i686-w64-mingw32.shared.posix/5.4.0/../../../../i686-w64-mingw32.shared.posix/bin/]
  ignore line: [LIBRARY_PATH=/home/gregwar/git/mxe/usr/lib/gcc/i686-w64-mingw32.shared.posix/5.4.0/:/home/gregwar/git/mxe/usr/lib/gcc/i686-w64-mingw32.shared.posix/5.4.0/../../../../i686-w64-mingw32.shared.posix/lib/../lib/:/home/gregwar/git/mxe/usr/lib/gcc/i686-w64-mingw32.shared.posix/5.4.0/../../../../i686-w64-mingw32.shared.posix/lib/]
  ignore line: [COLLECT_GCC_OPTIONS='-v' '-o' 'cmTC_2ef8c.exe' '-mtune=generic' '-march=pentiumpro']
  link line: [ /home/gregwar/git/mxe/usr/libexec/gcc/i686-w64-mingw32.shared.posix/5.4.0/collect2 -plugin /home/gregwar/git/mxe/usr/libexec/gcc/i686-w64-mingw32.shared.posix/5.4.0/liblto_plugin.so -plugin-opt=/home/gregwar/git/mxe/usr/libexec/gcc/i686-w64-mingw32.shared.posix/5.4.0/lto-wrapper -plugin-opt=-fresolution=/tmp/ccuj9gL6.res -plugin-opt=-pass-through=-lmingw32 -plugin-opt=-pass-through=-lgcc -plugin-opt=-pass-through=-lgcc_eh -plugin-opt=-pass-through=-lmoldname -plugin-opt=-pass-through=-lmingwex -plugin-opt=-pass-through=-lmsvcrt -plugin-opt=-pass-through=-lpthread -plugin-opt=-pass-through=-ladvapi32 -plugin-opt=-pass-through=-lshell32 -plugin-opt=-pass-through=-luser32 -plugin-opt=-pass-through=-lkernel32 -plugin-opt=-pass-through=-lmingw32 -plugin-opt=-pass-through=-lgcc -plugin-opt=-pass-through=-lgcc_eh -plugin-opt=-pass-through=-lmoldname -plugin-opt=-pass-through=-lmingwex -plugin-opt=-pass-through=-lmsvcrt -m i386pe -Bdynamic -o cmTC_2ef8c.exe /home/gregwar/git/mxe/usr/lib/gcc/i686-w64-mingw32.shared.posix/5.4.0/../../../../i686-w64-mingw32.shared.posix/lib/../lib/crt2.o /home/gregwar/git/mxe/usr/lib/gcc/i686-w64-mingw32.shared.posix/5.4.0/crtbegin.o -L/home/gregwar/git/mxe/usr/lib/gcc/i686-w64-mingw32.shared.posix/5.4.0 -L/home/gregwar/git/mxe/usr/lib/gcc/i686-w64-mingw32.shared.posix/5.4.0/../../../../i686-w64-mingw32.shared.posix/lib/../lib -L/home/gregwar/git/mxe/usr/lib/gcc/i686-w64-mingw32.shared.posix/5.4.0/../../../../i686-w64-mingw32.shared.posix/lib --whole-archive CMakeFiles/cmTC_2ef8c.dir/objects.a --no-whole-archive --out-implib libcmTC_2ef8c.dll.a --major-image-version 0 --minor-image-version 0 -lmingw32 -lgcc -lgcc_eh -lmoldname -lmingwex -lmsvcrt -lpthread -ladvapi32 -lshell32 -luser32 -lkernel32 -lmingw32 -lgcc -lgcc_eh -lmoldname -lmingwex -lmsvcrt /home/gregwar/git/mxe/usr/lib/gcc/i686-w64-mingw32.shared.posix/5.4.0/crtend.o]
    arg [/home/gregwar/git/mxe/usr/libexec/gcc/i686-w64-mingw32.shared.posix/5.4.0/collect2] ==> ignore
    arg [-plugin] ==> ignore
    arg [/home/gregwar/git/mxe/usr/libexec/gcc/i686-w64-mingw32.shared.posix/5.4.0/liblto_plugin.so] ==> ignore
    arg [-plugin-opt=/home/gregwar/git/mxe/usr/libexec/gcc/i686-w64-mingw32.shared.posix/5.4.0/lto-wrapper] ==> ignore
    arg [-plugin-opt=-fresolution=/tmp/ccuj9gL6.res] ==> ignore
    arg [-plugin-opt=-pass-through=-lmingw32] ==> ignore
    arg [-plugin-opt=-pass-through=-lgcc] ==> ignore
    arg [-plugin-opt=-pass-through=-lgcc_eh] ==> ignore
    arg [-plugin-opt=-pass-through=-lmoldname] ==> ignore
    arg [-plugin-opt=-pass-through=-lmingwex] ==> ignore
    arg [-plugin-opt=-pass-through=-lmsvcrt] ==> ignore
    arg [-plugin-opt=-pass-through=-lpthread] ==> ignore
    arg [-plugin-opt=-pass-through=-ladvapi32] ==> ignore
    arg [-plugin-opt=-pass-through=-lshell32] ==> ignore
    arg [-plugin-opt=-pass-through=-luser32] ==> ignore
    arg [-plugin-opt=-pass-through=-lkernel32] ==> ignore
    arg [-plugin-opt=-pass-through=-lmingw32] ==> ignore
    arg [-plugin-opt=-pass-through=-lgcc] ==> ignore
    arg [-plugin-opt=-pass-through=-lgcc_eh] ==> ignore
    arg [-plugin-opt=-pass-through=-lmoldname] ==> ignore
    arg [-plugin-opt=-pass-through=-lmingwex] ==> ignore
    arg [-plugin-opt=-pass-through=-lmsvcrt] ==> ignore
    arg [-m] ==> ignore
    arg [i386pe] ==> ignore
    arg [-Bdynamic] ==> ignore
    arg [-o] ==> ignore
    arg [cmTC_2ef8c.exe] ==> ignore
    arg [/home/gregwar/git/mxe/usr/lib/gcc/i686-w64-mingw32.shared.posix/5.4.0/../../../../i686-w64-mingw32.shared.posix/lib/../lib/crt2.o] ==> ignore
    arg [/home/gregwar/git/mxe/usr/lib/gcc/i686-w64-mingw32.shared.posix/5.4.0/crtbegin.o] ==> ignore
    arg [-L/home/gregwar/git/mxe/usr/lib/gcc/i686-w64-mingw32.shared.posix/5.4.0] ==> dir [/home/gregwar/git/mxe/usr/lib/gcc/i686-w64-mingw32.shared.posix/5.4.0]
    arg [-L/home/gregwar/git/mxe/usr/lib/gcc/i686-w64-mingw32.shared.posix/5.4.0/../../../../i686-w64-mingw32.shared.posix/lib/../lib] ==> dir [/home/gregwar/git/mxe/usr/lib/gcc/i686-w64-mingw32.shared.posix/5.4.0/../../../../i686-w64-mingw32.shared.posix/lib/../lib]
    arg [-L/home/gregwar/git/mxe/usr/lib/gcc/i686-w64-mingw32.shared.posix/5.4.0/../../../../i686-w64-mingw32.shared.posix/lib] ==> dir [/home/gregwar/git/mxe/usr/lib/gcc/i686-w64-mingw32.shared.posix/5.4.0/../../../../i686-w64-mingw32.shared.posix/lib]
    arg [--whole-archive] ==> ignore
    arg [CMakeFiles/cmTC_2ef8c.dir/objects.a] ==> ignore
    arg [--no-whole-archive] ==> ignore
    arg [--out-implib] ==> ignore
    arg [libcmTC_2ef8c.dll.a] ==> ignore
    arg [--major-image-version] ==> ignore
    arg [0] ==> ignore
    arg [--minor-image-version] ==> ignore
    arg [0] ==> ignore
    arg [-lmingw32] ==> lib [mingw32]
    arg [-lgcc] ==> lib [gcc]
    arg [-lgcc_eh] ==> lib [gcc_eh]
    arg [-lmoldname] ==> lib [moldname]
    arg [-lmingwex] ==> lib [mingwex]
    arg [-lmsvcrt] ==> lib [msvcrt]
    arg [-lpthread] ==> lib [pthread]
    arg [-ladvapi32] ==> lib [advapi32]
    arg [-lshell32] ==> lib [shell32]
    arg [-luser32] ==> lib [user32]
    arg [-lkernel32] ==> lib [kernel32]
    arg [-lmingw32] ==> lib [mingw32]
    arg [-lgcc] ==> lib [gcc]
    arg [-lgcc_eh] ==> lib [gcc_eh]
    arg [-lmoldname] ==> lib [moldname]
    arg [-lmingwex] ==> lib [mingwex]
    arg [-lmsvcrt] ==> lib [msvcrt]
    arg [/home/gregwar/git/mxe/usr/lib/gcc/i686-w64-mingw32.shared.posix/5.4.0/crtend.o] ==> ignore
  remove lib [gcc_eh]
  remove lib [msvcrt]
  remove lib [gcc_eh]
  remove lib [msvcrt]
  collapse library dir [/home/gregwar/git/mxe/usr/lib/gcc/i686-w64-mingw32.shared.posix/5.4.0] ==> [/home/gregwar/git/mxe/usr/lib/gcc/i686-w64-mingw32.shared.posix/5.4.0]
  collapse library dir [/home/gregwar/git/mxe/usr/lib/gcc/i686-w64-mingw32.shared.posix/5.4.0/../../../../i686-w64-mingw32.shared.posix/lib/../lib] ==> [/home/gregwar/git/mxe/usr/i686-w64-mingw32.shared.posix/lib]
  collapse library dir [/home/gregwar/git/mxe/usr/lib/gcc/i686-w64-mingw32.shared.posix/5.4.0/../../../../i686-w64-mingw32.shared.posix/lib] ==> [/home/gregwar/git/mxe/usr/i686-w64-mingw32.shared.posix/lib]
  implicit libs: [mingw32;gcc;moldname;mingwex;pthread;advapi32;shell32;user32;kernel32;mingw32;gcc;moldname;mingwex]
  implicit dirs: [/home/gregwar/git/mxe/usr/lib/gcc/i686-w64-mingw32.shared.posix/5.4.0;/home/gregwar/git/mxe/usr/i686-w64-mingw32.shared.posix/lib]
  implicit fwks: []




Detecting C [-std=c11] compiler features compiled with the following output:
Change Dir: /home/gregwar/git/solarus/build_win32/CMakeFiles/CMakeTmp

Run Build Command:"/bin/make" "cmTC_2308e/fast"
/bin/make -f CMakeFiles/cmTC_2308e.dir/build.make CMakeFiles/cmTC_2308e.dir/build
make[1] : on entre dans le répertoire « /home/gregwar/git/solarus/build_win32/CMakeFiles/CMakeTmp »
Building C object CMakeFiles/cmTC_2308e.dir/feature_tests.c.obj
/home/gregwar/git/mxe/usr/bin/i686-w64-mingw32.shared.posix-gcc   -std=c11 -o CMakeFiles/cmTC_2308e.dir/feature_tests.c.obj   -c /home/gregwar/git/solarus/build_win32/CMakeFiles/feature_tests.c
Linking C executable cmTC_2308e.exe
/home/gregwar/git/mxe/usr/x86_64-pc-linux-gnu/bin/cmake -E cmake_link_script CMakeFiles/cmTC_2308e.dir/link.txt --verbose=1
/home/gregwar/git/mxe/usr/x86_64-pc-linux-gnu/bin/cmake -E remove -f CMakeFiles/cmTC_2308e.dir/objects.a
/home/gregwar/git/mxe/usr/bin/i686-w64-mingw32.shared.posix-ar cr CMakeFiles/cmTC_2308e.dir/objects.a @CMakeFiles/cmTC_2308e.dir/objects1.rsp
/home/gregwar/git/mxe/usr/bin/i686-w64-mingw32.shared.posix-gcc      -Wl,--whole-archive CMakeFiles/cmTC_2308e.dir/objects.a -Wl,--no-whole-archive  -o cmTC_2308e.exe -Wl,--out-implib,libcmTC_2308e.dll.a -Wl,--major-image-version,0,--minor-image-version,0 @CMakeFiles/cmTC_2308e.dir/linklibs.rsp
make[1] : on quitte le répertoire « /home/gregwar/git/solarus/build_win32/CMakeFiles/CMakeTmp »


    Feature record: C_FEATURE:1c_function_prototypes
    Feature record: C_FEATURE:1c_restrict
    Feature record: C_FEATURE:1c_static_assert
    Feature record: C_FEATURE:1c_variadic_macros


Detecting C [-std=c99] compiler features compiled with the following output:
Change Dir: /home/gregwar/git/solarus/build_win32/CMakeFiles/CMakeTmp

Run Build Command:"/bin/make" "cmTC_060b5/fast"
/bin/make -f CMakeFiles/cmTC_060b5.dir/build.make CMakeFiles/cmTC_060b5.dir/build
make[1] : on entre dans le répertoire « /home/gregwar/git/solarus/build_win32/CMakeFiles/CMakeTmp »
Building C object CMakeFiles/cmTC_060b5.dir/feature_tests.c.obj
/home/gregwar/git/mxe/usr/bin/i686-w64-mingw32.shared.posix-gcc   -std=c99 -o CMakeFiles/cmTC_060b5.dir/feature_tests.c.obj   -c /home/gregwar/git/solarus/build_win32/CMakeFiles/feature_tests.c
Linking C executable cmTC_060b5.exe
/home/gregwar/git/mxe/usr/x86_64-pc-linux-gnu/bin/cmake -E cmake_link_script CMakeFiles/cmTC_060b5.dir/link.txt --verbose=1
/home/gregwar/git/mxe/usr/x86_64-pc-linux-gnu/bin/cmake -E remove -f CMakeFiles/cmTC_060b5.dir/objects.a
/home/gregwar/git/mxe/usr/bin/i686-w64-mingw32.shared.posix-ar cr CMakeFiles/cmTC_060b5.dir/objects.a @CMakeFiles/cmTC_060b5.dir/objects1.rsp
/home/gregwar/git/mxe/usr/bin/i686-w64-mingw32.shared.posix-gcc      -Wl,--whole-archive CMakeFiles/cmTC_060b5.dir/objects.a -Wl,--no-whole-archive  -o cmTC_060b5.exe -Wl,--out-implib,libcmTC_060b5.dll.a -Wl,--major-image-version,0,--minor-image-version,0 @CMakeFiles/cmTC_060b5.dir/linklibs.rsp
make[1] : on quitte le répertoire « /home/gregwar/git/solarus/build_win32/CMakeFiles/CMakeTmp »


    Feature record: C_FEATURE:1c_function_prototypes
    Feature record: C_FEATURE:1c_restrict
    Feature record: C_FEATURE:0c_static_assert
    Feature record: C_FEATURE:1c_variadic_macros


Detecting C [-std=c90] compiler features compiled with the following output:
Change Dir: /home/gregwar/git/solarus/build_win32/CMakeFiles/CMakeTmp

Run Build Command:"/bin/make" "cmTC_bc973/fast"
/bin/make -f CMakeFiles/cmTC_bc973.dir/build.make CMakeFiles/cmTC_bc973.dir/build
make[1] : on entre dans le répertoire « /home/gregwar/git/solarus/build_win32/CMakeFiles/CMakeTmp »
Building C object CMakeFiles/cmTC_bc973.dir/feature_tests.c.obj
/home/gregwar/git/mxe/usr/bin/i686-w64-mingw32.shared.posix-gcc   -std=c90 -o CMakeFiles/cmTC_bc973.dir/feature_tests.c.obj   -c /home/gregwar/git/solarus/build_win32/CMakeFiles/feature_tests.c
Linking C executable cmTC_bc973.exe
/home/gregwar/git/mxe/usr/x86_64-pc-linux-gnu/bin/cmake -E cmake_link_script CMakeFiles/cmTC_bc973.dir/link.txt --verbose=1
/home/gregwar/git/mxe/usr/x86_64-pc-linux-gnu/bin/cmake -E remove -f CMakeFiles/cmTC_bc973.dir/objects.a
/home/gregwar/git/mxe/usr/bin/i686-w64-mingw32.shared.posix-ar cr CMakeFiles/cmTC_bc973.dir/objects.a @CMakeFiles/cmTC_bc973.dir/objects1.rsp
/home/gregwar/git/mxe/usr/bin/i686-w64-mingw32.shared.posix-gcc      -Wl,--whole-archive CMakeFiles/cmTC_bc973.dir/objects.a -Wl,--no-whole-archive  -o cmTC_bc973.exe -Wl,--out-implib,libcmTC_bc973.dll.a -Wl,--major-image-version,0,--minor-image-version,0 @CMakeFiles/cmTC_bc973.dir/linklibs.rsp
make[1] : on quitte le répertoire « /home/gregwar/git/solarus/build_win32/CMakeFiles/CMakeTmp »


    Feature record: C_FEATURE:1c_function_prototypes
    Feature record: C_FEATURE:0c_restrict
    Feature record: C_FEATURE:0c_static_assert
    Feature record: C_FEATURE:0c_variadic_macros
Determining if the CXX compiler works passed with the following output:
Change Dir: /home/gregwar/git/solarus/build_win32/CMakeFiles/CMakeTmp

Run Build Command:"/bin/make" "cmTC_b2cb7/fast"
/bin/make -f CMakeFiles/cmTC_b2cb7.dir/build.make CMakeFiles/cmTC_b2cb7.dir/build
make[1] : on entre dans le répertoire « /home/gregwar/git/solarus/build_win32/CMakeFiles/CMakeTmp »
Building CXX object CMakeFiles/cmTC_b2cb7.dir/testCXXCompiler.cxx.obj
/home/gregwar/git/mxe/usr/bin/i686-w64-mingw32.shared.posix-g++     -o CMakeFiles/cmTC_b2cb7.dir/testCXXCompiler.cxx.obj -c /home/gregwar/git/solarus/build_win32/CMakeFiles/CMakeTmp/testCXXCompiler.cxx
Linking CXX executable cmTC_b2cb7.exe
/home/gregwar/git/mxe/usr/x86_64-pc-linux-gnu/bin/cmake -E cmake_link_script CMakeFiles/cmTC_b2cb7.dir/link.txt --verbose=1
/home/gregwar/git/mxe/usr/x86_64-pc-linux-gnu/bin/cmake -E remove -f CMakeFiles/cmTC_b2cb7.dir/objects.a
/home/gregwar/git/mxe/usr/bin/i686-w64-mingw32.shared.posix-ar cr CMakeFiles/cmTC_b2cb7.dir/objects.a @CMakeFiles/cmTC_b2cb7.dir/objects1.rsp
/home/gregwar/git/mxe/usr/bin/i686-w64-mingw32.shared.posix-g++      -Wl,--whole-archive CMakeFiles/cmTC_b2cb7.dir/objects.a -Wl,--no-whole-archive  -o cmTC_b2cb7.exe -Wl,--out-implib,libcmTC_b2cb7.dll.a -Wl,--major-image-version,0,--minor-image-version,0 @CMakeFiles/cmTC_b2cb7.dir/linklibs.rsp
make[1] : on quitte le répertoire « /home/gregwar/git/solarus/build_win32/CMakeFiles/CMakeTmp »


Detecting CXX compiler ABI info compiled with the following output:
Change Dir: /home/gregwar/git/solarus/build_win32/CMakeFiles/CMakeTmp

Run Build Command:"/bin/make" "cmTC_617a6/fast"
/bin/make -f CMakeFiles/cmTC_617a6.dir/build.make CMakeFiles/cmTC_617a6.dir/build
make[1] : on entre dans le répertoire « /home/gregwar/git/solarus/build_win32/CMakeFiles/CMakeTmp »
Building CXX object CMakeFiles/cmTC_617a6.dir/CMakeCXXCompilerABI.cpp.obj
/home/gregwar/git/mxe/usr/bin/i686-w64-mingw32.shared.posix-g++     -o CMakeFiles/cmTC_617a6.dir/CMakeCXXCompilerABI.cpp.obj -c /home/gregwar/git/mxe/usr/x86_64-pc-linux-gnu/share/cmake-3.10/Modules/CMakeCXXCompilerABI.cpp
Linking CXX executable cmTC_617a6.exe
/home/gregwar/git/mxe/usr/x86_64-pc-linux-gnu/bin/cmake -E cmake_link_script CMakeFiles/cmTC_617a6.dir/link.txt --verbose=1
/home/gregwar/git/mxe/usr/x86_64-pc-linux-gnu/bin/cmake -E remove -f CMakeFiles/cmTC_617a6.dir/objects.a
/home/gregwar/git/mxe/usr/bin/i686-w64-mingw32.shared.posix-ar cr CMakeFiles/cmTC_617a6.dir/objects.a @CMakeFiles/cmTC_617a6.dir/objects1.rsp
/home/gregwar/git/mxe/usr/bin/i686-w64-mingw32.shared.posix-g++     -v -Wl,--whole-archive CMakeFiles/cmTC_617a6.dir/objects.a -Wl,--no-whole-archive  -o cmTC_617a6.exe -Wl,--out-implib,libcmTC_617a6.dll.a -Wl,--major-image-version,0,--minor-image-version,0 
Using built-in specs.
COLLECT_GCC=/home/gregwar/git/mxe/usr/bin/i686-w64-mingw32.shared.posix-g++
COLLECT_LTO_WRAPPER=/home/gregwar/git/mxe/usr/libexec/gcc/i686-w64-mingw32.shared.posix/5.4.0/lto-wrapper
Target: i686-w64-mingw32.shared.posix
Configured with: /home/gregwar/git/mxe/tmp-gcc-i686-w64-mingw32.shared.posix/gcc-5.4.0/configure ac_cv_prog_HAVE_DOXYGEN=false --enable-doc=no --enable-gtk-doc=no --enable-gtk-doc-html=no --enable-gtk-doc-pdf=no --docdir=/home/gregwar/git/mxe/tmp-gcc-i686-w64-mingw32.shared.posix/gcc-5.4.0.build_.sink --infodir=/home/gregwar/git/mxe/tmp-gcc-i686-w64-mingw32.shared.posix/gcc-5.4.0.build_.sink --mandir=/home/gregwar/git/mxe/tmp-gcc-i686-w64-mingw32.shared.posix/gcc-5.4.0.build_.sink --with-html-dir=/home/gregwar/git/mxe/tmp-gcc-i686-w64-mingw32.shared.posix/gcc-5.4.0.build_.sink --disable-doxygen --target=i686-w64-mingw32.shared.posix --build=x86_64-pc-linux-gnu --prefix=/home/gregwar/git/mxe/usr --libdir=/home/gregwar/git/mxe/usr/lib --enable-languages=c,c++,objc,fortran --enable-version-specific-runtime-libs --with-gcc --with-gnu-ld --with-gnu-as --disable-nls --disable-multilib --without-x --disable-win32-registry --enable-threads=posix --enable-sjlj-exceptions --enable-libgomp --with-gmp=/home/gregwar/git/mxe/usr/x86_64-pc-linux-gnu --with-isl=/home/gregwar/git/mxe/usr/x86_64-pc-linux-gnu --with-mpc=/home/gregwar/git/mxe/usr/x86_64-pc-linux-gnu --with-mpfr=/home/gregwar/git/mxe/usr/x86_64-pc-linux-gnu --with-as=/home/gregwar/git/mxe/usr/bin/i686-w64-mingw32.shared.posix-as --with-ld=/home/gregwar/git/mxe/usr/bin/i686-w64-mingw32.shared.posix-ld --with-nm=/home/gregwar/git/mxe/usr/bin/i686-w64-mingw32.shared.posix-nm
Thread model: posix
gcc version 5.4.0 (GCC) 
COMPILER_PATH=/home/gregwar/git/mxe/usr/libexec/gcc/i686-w64-mingw32.shared.posix/5.4.0/:/home/gregwar/git/mxe/usr/libexec/gcc/i686-w64-mingw32.shared.posix/5.4.0/:/home/gregwar/git/mxe/usr/libexec/gcc/i686-w64-mingw32.shared.posix/:/home/gregwar/git/mxe/usr/lib/gcc/i686-w64-mingw32.shared.posix/5.4.0/:/home/gregwar/git/mxe/usr/lib/gcc/i686-w64-mingw32.shared.posix/:/home/gregwar/git/mxe/usr/lib/gcc/i686-w64-mingw32.shared.posix/5.4.0/../../../../i686-w64-mingw32.shared.posix/bin/
LIBRARY_PATH=/home/gregwar/git/mxe/usr/lib/gcc/i686-w64-mingw32.shared.posix/5.4.0/:/home/gregwar/git/mxe/usr/lib/gcc/i686-w64-mingw32.shared.posix/5.4.0/../../../../i686-w64-mingw32.shared.posix/lib/../lib/:/home/gregwar/git/mxe/usr/lib/gcc/i686-w64-mingw32.shared.posix/5.4.0/../../../../i686-w64-mingw32.shared.posix/lib/
COLLECT_GCC_OPTIONS='-v' '-o' 'cmTC_617a6.exe' '-shared-libgcc' '-mtune=generic' '-march=pentiumpro'
 /home/gregwar/git/mxe/usr/libexec/gcc/i686-w64-mingw32.shared.posix/5.4.0/collect2 -plugin /home/gregwar/git/mxe/usr/libexec/gcc/i686-w64-mingw32.shared.posix/5.4.0/liblto_plugin.so -plugin-opt=/home/gregwar/git/mxe/usr/libexec/gcc/i686-w64-mingw32.shared.posix/5.4.0/lto-wrapper -plugin-opt=-fresolution=/tmp/cc7sV7op.res -plugin-opt=-pass-through=-lmingw32 -plugin-opt=-pass-through=-lgcc_s -plugin-opt=-pass-through=-lgcc -plugin-opt=-pass-through=-lmoldname -plugin-opt=-pass-through=-lmingwex -plugin-opt=-pass-through=-lmsvcrt -plugin-opt=-pass-through=-lpthread -plugin-opt=-pass-through=-ladvapi32 -plugin-opt=-pass-through=-lshell32 -plugin-opt=-pass-through=-luser32 -plugin-opt=-pass-through=-lkernel32 -plugin-opt=-pass-through=-lmingw32 -plugin-opt=-pass-through=-lgcc_s -plugin-opt=-pass-through=-lgcc -plugin-opt=-pass-through=-lmoldname -plugin-opt=-pass-through=-lmingwex -plugin-opt=-pass-through=-lmsvcrt -m i386pe -Bdynamic -o cmTC_617a6.exe /home/gregwar/git/mxe/usr/lib/gcc/i686-w64-mingw32.shared.posix/5.4.0/../../../../i686-w64-mingw32.shared.posix/lib/../lib/crt2.o /home/gregwar/git/mxe/usr/lib/gcc/i686-w64-mingw32.shared.posix/5.4.0/crtbegin.o -L/home/gregwar/git/mxe/usr/lib/gcc/i686-w64-mingw32.shared.posix/5.4.0 -L/home/gregwar/git/mxe/usr/lib/gcc/i686-w64-mingw32.shared.posix/5.4.0/../../../../i686-w64-mingw32.shared.posix/lib/../lib -L/home/gregwar/git/mxe/usr/lib/gcc/i686-w64-mingw32.shared.posix/5.4.0/../../../../i686-w64-mingw32.shared.posix/lib --whole-archive CMakeFiles/cmTC_617a6.dir/objects.a --no-whole-archive --out-implib libcmTC_617a6.dll.a --major-image-version 0 --minor-image-version 0 -lstdc++ -lmingw32 -lgcc_s -lgcc -lmoldname -lmingwex -lmsvcrt -lpthread -ladvapi32 -lshell32 -luser32 -lkernel32 -lmingw32 -lgcc_s -lgcc -lmoldname -lmingwex -lmsvcrt /home/gregwar/git/mxe/usr/lib/gcc/i686-w64-mingw32.shared.posix/5.4.0/crtend.o
make[1] : on quitte le répertoire « /home/gregwar/git/solarus/build_win32/CMakeFiles/CMakeTmp »


Parsed CXX implicit link information from above output:
  link line regex: [^( *|.*[/\])(i686-w64-mingw32\.shared\.posix-ld|CMAKE_LINK_STARTFILE-NOTFOUND|([^/\]+-)?ld|collect2)[^/\]*( |$)]
  ignore line: [Change Dir: /home/gregwar/git/solarus/build_win32/CMakeFiles/CMakeTmp]
  ignore line: []
  ignore line: [Run Build Command:"/bin/make" "cmTC_617a6/fast"]
  ignore line: [/bin/make -f CMakeFiles/cmTC_617a6.dir/build.make CMakeFiles/cmTC_617a6.dir/build]
  ignore line: [make[1] : on entre dans le répertoire « /home/gregwar/git/solarus/build_win32/CMakeFiles/CMakeTmp »]
  ignore line: [Building CXX object CMakeFiles/cmTC_617a6.dir/CMakeCXXCompilerABI.cpp.obj]
  ignore line: [/home/gregwar/git/mxe/usr/bin/i686-w64-mingw32.shared.posix-g++     -o CMakeFiles/cmTC_617a6.dir/CMakeCXXCompilerABI.cpp.obj -c /home/gregwar/git/mxe/usr/x86_64-pc-linux-gnu/share/cmake-3.10/Modules/CMakeCXXCompilerABI.cpp]
  ignore line: [Linking CXX executable cmTC_617a6.exe]
  ignore line: [/home/gregwar/git/mxe/usr/x86_64-pc-linux-gnu/bin/cmake -E cmake_link_script CMakeFiles/cmTC_617a6.dir/link.txt --verbose=1]
  ignore line: [/home/gregwar/git/mxe/usr/x86_64-pc-linux-gnu/bin/cmake -E remove -f CMakeFiles/cmTC_617a6.dir/objects.a]
  ignore line: [/home/gregwar/git/mxe/usr/bin/i686-w64-mingw32.shared.posix-ar cr CMakeFiles/cmTC_617a6.dir/objects.a @CMakeFiles/cmTC_617a6.dir/objects1.rsp]
  ignore line: [/home/gregwar/git/mxe/usr/bin/i686-w64-mingw32.shared.posix-g++     -v -Wl,--whole-archive CMakeFiles/cmTC_617a6.dir/objects.a -Wl,--no-whole-archive  -o cmTC_617a6.exe -Wl,--out-implib,libcmTC_617a6.dll.a -Wl,--major-image-version,0,--minor-image-version,0 ]
  ignore line: [Using built-in specs.]
  ignore line: [COLLECT_GCC=/home/gregwar/git/mxe/usr/bin/i686-w64-mingw32.shared.posix-g++]
  ignore line: [COLLECT_LTO_WRAPPER=/home/gregwar/git/mxe/usr/libexec/gcc/i686-w64-mingw32.shared.posix/5.4.0/lto-wrapper]
  ignore line: [Target: i686-w64-mingw32.shared.posix]
  ignore line: [Configured with: /home/gregwar/git/mxe/tmp-gcc-i686-w64-mingw32.shared.posix/gcc-5.4.0/configure ac_cv_prog_HAVE_DOXYGEN=false --enable-doc=no --enable-gtk-doc=no --enable-gtk-doc-html=no --enable-gtk-doc-pdf=no --docdir=/home/gregwar/git/mxe/tmp-gcc-i686-w64-mingw32.shared.posix/gcc-5.4.0.build_.sink --infodir=/home/gregwar/git/mxe/tmp-gcc-i686-w64-mingw32.shared.posix/gcc-5.4.0.build_.sink --mandir=/home/gregwar/git/mxe/tmp-gcc-i686-w64-mingw32.shared.posix/gcc-5.4.0.build_.sink --with-html-dir=/home/gregwar/git/mxe/tmp-gcc-i686-w64-mingw32.shared.posix/gcc-5.4.0.build_.sink --disable-doxygen --target=i686-w64-mingw32.shared.posix --build=x86_64-pc-linux-gnu --prefix=/home/gregwar/git/mxe/usr --libdir=/home/gregwar/git/mxe/usr/lib --enable-languages=c,c++,objc,fortran --enable-version-specific-runtime-libs --with-gcc --with-gnu-ld --with-gnu-as --disable-nls --disable-multilib --without-x --disable-win32-registry --enable-threads=posix --enable-sjlj-exceptions --enable-libgomp --with-gmp=/home/gregwar/git/mxe/usr/x86_64-pc-linux-gnu --with-isl=/home/gregwar/git/mxe/usr/x86_64-pc-linux-gnu --with-mpc=/home/gregwar/git/mxe/usr/x86_64-pc-linux-gnu --with-mpfr=/home/gregwar/git/mxe/usr/x86_64-pc-linux-gnu --with-as=/home/gregwar/git/mxe/usr/bin/i686-w64-mingw32.shared.posix-as --with-ld=/home/gregwar/git/mxe/usr/bin/i686-w64-mingw32.shared.posix-ld --with-nm=/home/gregwar/git/mxe/usr/bin/i686-w64-mingw32.shared.posix-nm]
  ignore line: [Thread model: posix]
  ignore line: [gcc version 5.4.0 (GCC) ]
  ignore line: [COMPILER_PATH=/home/gregwar/git/mxe/usr/libexec/gcc/i686-w64-mingw32.shared.posix/5.4.0/:/home/gregwar/git/mxe/usr/libexec/gcc/i686-w64-mingw32.shared.posix/5.4.0/:/home/gregwar/git/mxe/usr/libexec/gcc/i686-w64-mingw32.shared.posix/:/home/gregwar/git/mxe/usr/lib/gcc/i686-w64-mingw32.shared.posix/5.4.0/:/home/gregwar/git/mxe/usr/lib/gcc/i686-w64-mingw32.shared.posix/:/home/gregwar/git/mxe/usr/lib/gcc/i686-w64-mingw32.shared.posix/5.4.0/../../../../i686-w64-mingw32.shared.posix/bin/]
  ignore line: [LIBRARY_PATH=/home/gregwar/git/mxe/usr/lib/gcc/i686-w64-mingw32.shared.posix/5.4.0/:/home/gregwar/git/mxe/usr/lib/gcc/i686-w64-mingw32.shared.posix/5.4.0/../../../../i686-w64-mingw32.shared.posix/lib/../lib/:/home/gregwar/git/mxe/usr/lib/gcc/i686-w64-mingw32.shared.posix/5.4.0/../../../../i686-w64-mingw32.shared.posix/lib/]
  ignore line: [COLLECT_GCC_OPTIONS='-v' '-o' 'cmTC_617a6.exe' '-shared-libgcc' '-mtune=generic' '-march=pentiumpro']
  link line: [ /home/gregwar/git/mxe/usr/libexec/gcc/i686-w64-mingw32.shared.posix/5.4.0/collect2 -plugin /home/gregwar/git/mxe/usr/libexec/gcc/i686-w64-mingw32.shared.posix/5.4.0/liblto_plugin.so -plugin-opt=/home/gregwar/git/mxe/usr/libexec/gcc/i686-w64-mingw32.shared.posix/5.4.0/lto-wrapper -plugin-opt=-fresolution=/tmp/cc7sV7op.res -plugin-opt=-pass-through=-lmingw32 -plugin-opt=-pass-through=-lgcc_s -plugin-opt=-pass-through=-lgcc -plugin-opt=-pass-through=-lmoldname -plugin-opt=-pass-through=-lmingwex -plugin-opt=-pass-through=-lmsvcrt -plugin-opt=-pass-through=-lpthread -plugin-opt=-pass-through=-ladvapi32 -plugin-opt=-pass-through=-lshell32 -plugin-opt=-pass-through=-luser32 -plugin-opt=-pass-through=-lkernel32 -plugin-opt=-pass-through=-lmingw32 -plugin-opt=-pass-through=-lgcc_s -plugin-opt=-pass-through=-lgcc -plugin-opt=-pass-through=-lmoldname -plugin-opt=-pass-through=-lmingwex -plugin-opt=-pass-through=-lmsvcrt -m i386pe -Bdynamic -o cmTC_617a6.exe /home/gregwar/git/mxe/usr/lib/gcc/i686-w64-mingw32.shared.posix/5.4.0/../../../../i686-w64-mingw32.shared.posix/lib/../lib/crt2.o /home/gregwar/git/mxe/usr/lib/gcc/i686-w64-mingw32.shared.posix/5.4.0/crtbegin.o -L/home/gregwar/git/mxe/usr/lib/gcc/i686-w64-mingw32.shared.posix/5.4.0 -L/home/gregwar/git/mxe/usr/lib/gcc/i686-w64-mingw32.shared.posix/5.4.0/../../../../i686-w64-mingw32.shared.posix/lib/../lib -L/home/gregwar/git/mxe/usr/lib/gcc/i686-w64-mingw32.shared.posix/5.4.0/../../../../i686-w64-mingw32.shared.posix/lib --whole-archive CMakeFiles/cmTC_617a6.dir/objects.a --no-whole-archive --out-implib libcmTC_617a6.dll.a --major-image-version 0 --minor-image-version 0 -lstdc++ -lmingw32 -lgcc_s -lgcc -lmoldname -lmingwex -lmsvcrt -lpthread -ladvapi32 -lshell32 -luser32 -lkernel32 -lmingw32 -lgcc_s -lgcc -lmoldname -lmingwex -lmsvcrt /home/gregwar/git/mxe/usr/lib/gcc/i686-w64-mingw32.shared.posix/5.4.0/crtend.o]
    arg [/home/gregwar/git/mxe/usr/libexec/gcc/i686-w64-mingw32.shared.posix/5.4.0/collect2] ==> ignore
    arg [-plugin] ==> ignore
    arg [/home/gregwar/git/mxe/usr/libexec/gcc/i686-w64-mingw32.shared.posix/5.4.0/liblto_plugin.so] ==> ignore
    arg [-plugin-opt=/home/gregwar/git/mxe/usr/libexec/gcc/i686-w64-mingw32.shared.posix/5.4.0/lto-wrapper] ==> ignore
    arg [-plugin-opt=-fresolution=/tmp/cc7sV7op.res] ==> ignore
    arg [-plugin-opt=-pass-through=-lmingw32] ==> ignore
    arg [-plugin-opt=-pass-through=-lgcc_s] ==> ignore
    arg [-plugin-opt=-pass-through=-lgcc] ==> ignore
    arg [-plugin-opt=-pass-through=-lmoldname] ==> ignore
    arg [-plugin-opt=-pass-through=-lmingwex] ==> ignore
    arg [-plugin-opt=-pass-through=-lmsvcrt] ==> ignore
    arg [-plugin-opt=-pass-through=-lpthread] ==> ignore
    arg [-plugin-opt=-pass-through=-ladvapi32] ==> ignore
    arg [-plugin-opt=-pass-through=-lshell32] ==> ignore
    arg [-plugin-opt=-pass-through=-luser32] ==> ignore
    arg [-plugin-opt=-pass-through=-lkernel32] ==> ignore
    arg [-plugin-opt=-pass-through=-lmingw32] ==> ignore
    arg [-plugin-opt=-pass-through=-lgcc_s] ==> ignore
    arg [-plugin-opt=-pass-through=-lgcc] ==> ignore
    arg [-plugin-opt=-pass-through=-lmoldname] ==> ignore
    arg [-plugin-opt=-pass-through=-lmingwex] ==> ignore
    arg [-plugin-opt=-pass-through=-lmsvcrt] ==> ignore
    arg [-m] ==> ignore
    arg [i386pe] ==> ignore
    arg [-Bdynamic] ==> ignore
    arg [-o] ==> ignore
    arg [cmTC_617a6.exe] ==> ignore
    arg [/home/gregwar/git/mxe/usr/lib/gcc/i686-w64-mingw32.shared.posix/5.4.0/../../../../i686-w64-mingw32.shared.posix/lib/../lib/crt2.o] ==> ignore
    arg [/home/gregwar/git/mxe/usr/lib/gcc/i686-w64-mingw32.shared.posix/5.4.0/crtbegin.o] ==> ignore
    arg [-L/home/gregwar/git/mxe/usr/lib/gcc/i686-w64-mingw32.shared.posix/5.4.0] ==> dir [/home/gregwar/git/mxe/usr/lib/gcc/i686-w64-mingw32.shared.posix/5.4.0]
    arg [-L/home/gregwar/git/mxe/usr/lib/gcc/i686-w64-mingw32.shared.posix/5.4.0/../../../../i686-w64-mingw32.shared.posix/lib/../lib] ==> dir [/home/gregwar/git/mxe/usr/lib/gcc/i686-w64-mingw32.shared.posix/5.4.0/../../../../i686-w64-mingw32.shared.posix/lib/../lib]
    arg [-L/home/gregwar/git/mxe/usr/lib/gcc/i686-w64-mingw32.shared.posix/5.4.0/../../../../i686-w64-mingw32.shared.posix/lib] ==> dir [/home/gregwar/git/mxe/usr/lib/gcc/i686-w64-mingw32.shared.posix/5.4.0/../../../../i686-w64-mingw32.shared.posix/lib]
    arg [--whole-archive] ==> ignore
    arg [CMakeFiles/cmTC_617a6.dir/objects.a] ==> ignore
    arg [--no-whole-archive] ==> ignore
    arg [--out-implib] ==> ignore
    arg [libcmTC_617a6.dll.a] ==> ignore
    arg [--major-image-version] ==> ignore
    arg [0] ==> ignore
    arg [--minor-image-version] ==> ignore
    arg [0] ==> ignore
    arg [-lstdc++] ==> lib [stdc++]
    arg [-lmingw32] ==> lib [mingw32]
    arg [-lgcc_s] ==> lib [gcc_s]
    arg [-lgcc] ==> lib [gcc]
    arg [-lmoldname] ==> lib [moldname]
    arg [-lmingwex] ==> lib [mingwex]
    arg [-lmsvcrt] ==> lib [msvcrt]
    arg [-lpthread] ==> lib [pthread]
    arg [-ladvapi32] ==> lib [advapi32]
    arg [-lshell32] ==> lib [shell32]
    arg [-luser32] ==> lib [user32]
    arg [-lkernel32] ==> lib [kernel32]
    arg [-lmingw32] ==> lib [mingw32]
    arg [-lgcc_s] ==> lib [gcc_s]
    arg [-lgcc] ==> lib [gcc]
    arg [-lmoldname] ==> lib [moldname]
    arg [-lmingwex] ==> lib [mingwex]
    arg [-lmsvcrt] ==> lib [msvcrt]
    arg [/home/gregwar/git/mxe/usr/lib/gcc/i686-w64-mingw32.shared.posix/5.4.0/crtend.o] ==> ignore
  remove lib [msvcrt]
  remove lib [msvcrt]
  collapse library dir [/home/gregwar/git/mxe/usr/lib/gcc/i686-w64-mingw32.shared.posix/5.4.0] ==> [/home/gregwar/git/mxe/usr/lib/gcc/i686-w64-mingw32.shared.posix/5.4.0]
  collapse library dir [/home/gregwar/git/mxe/usr/lib/gcc/i686-w64-mingw32.shared.posix/5.4.0/../../../../i686-w64-mingw32.shared.posix/lib/../lib] ==> [/home/gregwar/git/mxe/usr/i686-w64-mingw32.shared.posix/lib]
  collapse library dir [/home/gregwar/git/mxe/usr/lib/gcc/i686-w64-mingw32.shared.posix/5.4.0/../../../../i686-w64-mingw32.shared.posix/lib] ==> [/home/gregwar/git/mxe/usr/i686-w64-mingw32.shared.posix/lib]
  implicit libs: [stdc++;mingw32;gcc_s;gcc;moldname;mingwex;pthread;advapi32;shell32;user32;kernel32;mingw32;gcc_s;gcc;moldname;mingwex]
  implicit dirs: [/home/gregwar/git/mxe/usr/lib/gcc/i686-w64-mingw32.shared.posix/5.4.0;/home/gregwar/git/mxe/usr/i686-w64-mingw32.shared.posix/lib]
  implicit fwks: []




Detecting CXX [-std=c++1z] compiler features compiled with the following output:
Change Dir: /home/gregwar/git/solarus/build_win32/CMakeFiles/CMakeTmp

Run Build Command:"/bin/make" "cmTC_5e2af/fast"
/bin/make -f CMakeFiles/cmTC_5e2af.dir/build.make CMakeFiles/cmTC_5e2af.dir/build
make[1] : on entre dans le répertoire « /home/gregwar/git/solarus/build_win32/CMakeFiles/CMakeTmp »
Building CXX object CMakeFiles/cmTC_5e2af.dir/feature_tests.cxx.obj
/home/gregwar/git/mxe/usr/bin/i686-w64-mingw32.shared.posix-g++    -std=c++1z -o CMakeFiles/cmTC_5e2af.dir/feature_tests.cxx.obj -c /home/gregwar/git/solarus/build_win32/CMakeFiles/feature_tests.cxx
Linking CXX executable cmTC_5e2af.exe
/home/gregwar/git/mxe/usr/x86_64-pc-linux-gnu/bin/cmake -E cmake_link_script CMakeFiles/cmTC_5e2af.dir/link.txt --verbose=1
/home/gregwar/git/mxe/usr/x86_64-pc-linux-gnu/bin/cmake -E remove -f CMakeFiles/cmTC_5e2af.dir/objects.a
/home/gregwar/git/mxe/usr/bin/i686-w64-mingw32.shared.posix-ar cr CMakeFiles/cmTC_5e2af.dir/objects.a @CMakeFiles/cmTC_5e2af.dir/objects1.rsp
/home/gregwar/git/mxe/usr/bin/i686-w64-mingw32.shared.posix-g++      -Wl,--whole-archive CMakeFiles/cmTC_5e2af.dir/objects.a -Wl,--no-whole-archive  -o cmTC_5e2af.exe -Wl,--out-implib,libcmTC_5e2af.dll.a -Wl,--major-image-version,0,--minor-image-version,0 @CMakeFiles/cmTC_5e2af.dir/linklibs.rsp
make[1] : on quitte le répertoire « /home/gregwar/git/solarus/build_win32/CMakeFiles/CMakeTmp »


    Feature record: CXX_FEATURE:1cxx_aggregate_default_initializers
    Feature record: CXX_FEATURE:1cxx_alias_templates
    Feature record: CXX_FEATURE:1cxx_alignas
    Feature record: CXX_FEATURE:1cxx_alignof
    Feature record: CXX_FEATURE:1cxx_attributes
    Feature record: CXX_FEATURE:1cxx_attribute_deprecated
    Feature record: CXX_FEATURE:1cxx_auto_type
    Feature record: CXX_FEATURE:1cxx_binary_literals
    Feature record: CXX_FEATURE:1cxx_constexpr
    Feature record: CXX_FEATURE:1cxx_contextual_conversions
    Feature record: CXX_FEATURE:1cxx_decltype
    Feature record: CXX_FEATURE:1cxx_decltype_auto
    Feature record: CXX_FEATURE:1cxx_decltype_incomplete_return_types
    Feature record: CXX_FEATURE:1cxx_default_function_template_args
    Feature record: CXX_FEATURE:1cxx_defaulted_functions
    Feature record: CXX_FEATURE:1cxx_defaulted_move_initializers
    Feature record: CXX_FEATURE:1cxx_delegating_constructors
    Feature record: CXX_FEATURE:1cxx_deleted_functions
    Feature record: CXX_FEATURE:1cxx_digit_separators
    Feature record: CXX_FEATURE:1cxx_enum_forward_declarations
    Feature record: CXX_FEATURE:1cxx_explicit_conversions
    Feature record: CXX_FEATURE:1cxx_extended_friend_declarations
    Feature record: CXX_FEATURE:1cxx_extern_templates
    Feature record: CXX_FEATURE:1cxx_final
    Feature record: CXX_FEATURE:1cxx_func_identifier
    Feature record: CXX_FEATURE:1cxx_generalized_initializers
    Feature record: CXX_FEATURE:1cxx_generic_lambdas
    Feature record: CXX_FEATURE:1cxx_inheriting_constructors
    Feature record: CXX_FEATURE:1cxx_inline_namespaces
    Feature record: CXX_FEATURE:1cxx_lambdas
    Feature record: CXX_FEATURE:1cxx_lambda_init_captures
    Feature record: CXX_FEATURE:1cxx_local_type_template_args
    Feature record: CXX_FEATURE:1cxx_long_long_type
    Feature record: CXX_FEATURE:1cxx_noexcept
    Feature record: CXX_FEATURE:1cxx_nonstatic_member_init
    Feature record: CXX_FEATURE:1cxx_nullptr
    Feature record: CXX_FEATURE:1cxx_override
    Feature record: CXX_FEATURE:1cxx_range_for
    Feature record: CXX_FEATURE:1cxx_raw_string_literals
    Feature record: CXX_FEATURE:1cxx_reference_qualified_functions
    Feature record: CXX_FEATURE:1cxx_relaxed_constexpr
    Feature record: CXX_FEATURE:1cxx_return_type_deduction
    Feature record: CXX_FEATURE:1cxx_right_angle_brackets
    Feature record: CXX_FEATURE:1cxx_rvalue_references
    Feature record: CXX_FEATURE:1cxx_sizeof_member
    Feature record: CXX_FEATURE:1cxx_static_assert
    Feature record: CXX_FEATURE:1cxx_strong_enums
    Feature record: CXX_FEATURE:1cxx_template_template_parameters
    Feature record: CXX_FEATURE:1cxx_thread_local
    Feature record: CXX_FEATURE:1cxx_trailing_return_types
    Feature record: CXX_FEATURE:1cxx_unicode_literals
    Feature record: CXX_FEATURE:1cxx_uniform_initialization
    Feature record: CXX_FEATURE:1cxx_unrestricted_unions
    Feature record: CXX_FEATURE:1cxx_user_literals
    Feature record: CXX_FEATURE:1cxx_variable_templates
    Feature record: CXX_FEATURE:1cxx_variadic_macros
    Feature record: CXX_FEATURE:1cxx_variadic_templates


Detecting CXX [-std=c++14] compiler features compiled with the following output:
Change Dir: /home/gregwar/git/solarus/build_win32/CMakeFiles/CMakeTmp

Run Build Command:"/bin/make" "cmTC_82bd4/fast"
/bin/make -f CMakeFiles/cmTC_82bd4.dir/build.make CMakeFiles/cmTC_82bd4.dir/build
make[1] : on entre dans le répertoire « /home/gregwar/git/solarus/build_win32/CMakeFiles/CMakeTmp »
Building CXX object CMakeFiles/cmTC_82bd4.dir/feature_tests.cxx.obj
/home/gregwar/git/mxe/usr/bin/i686-w64-mingw32.shared.posix-g++    -std=c++14 -o CMakeFiles/cmTC_82bd4.dir/feature_tests.cxx.obj -c /home/gregwar/git/solarus/build_win32/CMakeFiles/feature_tests.cxx
Linking CXX executable cmTC_82bd4.exe
/home/gregwar/git/mxe/usr/x86_64-pc-linux-gnu/bin/cmake -E cmake_link_script CMakeFiles/cmTC_82bd4.dir/link.txt --verbose=1
/home/gregwar/git/mxe/usr/x86_64-pc-linux-gnu/bin/cmake -E remove -f CMakeFiles/cmTC_82bd4.dir/objects.a
/home/gregwar/git/mxe/usr/bin/i686-w64-mingw32.shared.posix-ar cr CMakeFiles/cmTC_82bd4.dir/objects.a @CMakeFiles/cmTC_82bd4.dir/objects1.rsp
/home/gregwar/git/mxe/usr/bin/i686-w64-mingw32.shared.posix-g++      -Wl,--whole-archive CMakeFiles/cmTC_82bd4.dir/objects.a -Wl,--no-whole-archive  -o cmTC_82bd4.exe -Wl,--out-implib,libcmTC_82bd4.dll.a -Wl,--major-image-version,0,--minor-image-version,0 @CMakeFiles/cmTC_82bd4.dir/linklibs.rsp
make[1] : on quitte le répertoire « /home/gregwar/git/solarus/build_win32/CMakeFiles/CMakeTmp »


    Feature record: CXX_FEATURE:1cxx_aggregate_default_initializers
    Feature record: CXX_FEATURE:1cxx_alias_templates
    Feature record: CXX_FEATURE:1cxx_alignas
    Feature record: CXX_FEATURE:1cxx_alignof
    Feature record: CXX_FEATURE:1cxx_attributes
    Feature record: CXX_FEATURE:1cxx_attribute_deprecated
    Feature record: CXX_FEATURE:1cxx_auto_type
    Feature record: CXX_FEATURE:1cxx_binary_literals
    Feature record: CXX_FEATURE:1cxx_constexpr
    Feature record: CXX_FEATURE:1cxx_contextual_conversions
    Feature record: CXX_FEATURE:1cxx_decltype
    Feature record: CXX_FEATURE:1cxx_decltype_auto
    Feature record: CXX_FEATURE:1cxx_decltype_incomplete_return_types
    Feature record: CXX_FEATURE:1cxx_default_function_template_args
    Feature record: CXX_FEATURE:1cxx_defaulted_functions
    Feature record: CXX_FEATURE:1cxx_defaulted_move_initializers
    Feature record: CXX_FEATURE:1cxx_delegating_constructors
    Feature record: CXX_FEATURE:1cxx_deleted_functions
    Feature record: CXX_FEATURE:1cxx_digit_separators
    Feature record: CXX_FEATURE:1cxx_enum_forward_declarations
    Feature record: CXX_FEATURE:1cxx_explicit_conversions
    Feature record: CXX_FEATURE:1cxx_extended_friend_declarations
    Feature record: CXX_FEATURE:1cxx_extern_templates
    Feature record: CXX_FEATURE:1cxx_final
    Feature record: CXX_FEATURE:1cxx_func_identifier
    Feature record: CXX_FEATURE:1cxx_generalized_initializers
    Feature record: CXX_FEATURE:1cxx_generic_lambdas
    Feature record: CXX_FEATURE:1cxx_inheriting_constructors
    Feature record: CXX_FEATURE:1cxx_inline_namespaces
    Feature record: CXX_FEATURE:1cxx_lambdas
    Feature record: CXX_FEATURE:1cxx_lambda_init_captures
    Feature record: CXX_FEATURE:1cxx_local_type_template_args
    Feature record: CXX_FEATURE:1cxx_long_long_type
    Feature record: CXX_FEATURE:1cxx_noexcept
    Feature record: CXX_FEATURE:1cxx_nonstatic_member_init
    Feature record: CXX_FEATURE:1cxx_nullptr
    Feature record: CXX_FEATURE:1cxx_override
    Feature record: CXX_FEATURE:1cxx_range_for
    Feature record: CXX_FEATURE:1cxx_raw_string_literals
    Feature record: CXX_FEATURE:1cxx_reference_qualified_functions
    Feature record: CXX_FEATURE:1cxx_relaxed_constexpr
    Feature record: CXX_FEATURE:1cxx_return_type_deduction
    Feature record: CXX_FEATURE:1cxx_right_angle_brackets
    Feature record: CXX_FEATURE:1cxx_rvalue_references
    Feature record: CXX_FEATURE:1cxx_sizeof_member
    Feature record: CXX_FEATURE:1cxx_static_assert
    Feature record: CXX_FEATURE:1cxx_strong_enums
    Feature record: CXX_FEATURE:1cxx_template_template_parameters
    Feature record: CXX_FEATURE:1cxx_thread_local
    Feature record: CXX_FEATURE:1cxx_trailing_return_types
    Feature record: CXX_FEATURE:1cxx_unicode_literals
    Feature record: CXX_FEATURE:1cxx_uniform_initialization
    Feature record: CXX_FEATURE:1cxx_unrestricted_unions
    Feature record: CXX_FEATURE:1cxx_user_literals
    Feature record: CXX_FEATURE:1cxx_variable_templates
    Feature record: CXX_FEATURE:1cxx_variadic_macros
    Feature record: CXX_FEATURE:1cxx_variadic_templates


Detecting CXX [-std=c++11] compiler features compiled with the following output:
Change Dir: /home/gregwar/git/solarus/build_win32/CMakeFiles/CMakeTmp

Run Build Command:"/bin/make" "cmTC_84ece/fast"
/bin/make -f CMakeFiles/cmTC_84ece.dir/build.make CMakeFiles/cmTC_84ece.dir/build
make[1] : on entre dans le répertoire « /home/gregwar/git/solarus/build_win32/CMakeFiles/CMakeTmp »
Building CXX object CMakeFiles/cmTC_84ece.dir/feature_tests.cxx.obj
/home/gregwar/git/mxe/usr/bin/i686-w64-mingw32.shared.posix-g++    -std=c++11 -o CMakeFiles/cmTC_84ece.dir/feature_tests.cxx.obj -c /home/gregwar/git/solarus/build_win32/CMakeFiles/feature_tests.cxx
Linking CXX executable cmTC_84ece.exe
/home/gregwar/git/mxe/usr/x86_64-pc-linux-gnu/bin/cmake -E cmake_link_script CMakeFiles/cmTC_84ece.dir/link.txt --verbose=1
/home/gregwar/git/mxe/usr/x86_64-pc-linux-gnu/bin/cmake -E remove -f CMakeFiles/cmTC_84ece.dir/objects.a
/home/gregwar/git/mxe/usr/bin/i686-w64-mingw32.shared.posix-ar cr CMakeFiles/cmTC_84ece.dir/objects.a @CMakeFiles/cmTC_84ece.dir/objects1.rsp
/home/gregwar/git/mxe/usr/bin/i686-w64-mingw32.shared.posix-g++      -Wl,--whole-archive CMakeFiles/cmTC_84ece.dir/objects.a -Wl,--no-whole-archive  -o cmTC_84ece.exe -Wl,--out-implib,libcmTC_84ece.dll.a -Wl,--major-image-version,0,--minor-image-version,0 @CMakeFiles/cmTC_84ece.dir/linklibs.rsp
make[1] : on quitte le répertoire « /home/gregwar/git/solarus/build_win32/CMakeFiles/CMakeTmp »


    Feature record: CXX_FEATURE:0cxx_aggregate_default_initializers
    Feature record: CXX_FEATURE:1cxx_alias_templates
    Feature record: CXX_FEATURE:1cxx_alignas
    Feature record: CXX_FEATURE:1cxx_alignof
    Feature record: CXX_FEATURE:1cxx_attributes
    Feature record: CXX_FEATURE:0cxx_attribute_deprecated
    Feature record: CXX_FEATURE:1cxx_auto_type
    Feature record: CXX_FEATURE:0cxx_binary_literals
    Feature record: CXX_FEATURE:1cxx_constexpr
    Feature record: CXX_FEATURE:0cxx_contextual_conversions
    Feature record: CXX_FEATURE:1cxx_decltype
    Feature record: CXX_FEATURE:0cxx_decltype_auto
    Feature record: CXX_FEATURE:1cxx_decltype_incomplete_return_types
    Feature record: CXX_FEATURE:1cxx_default_function_template_args
    Feature record: CXX_FEATURE:1cxx_defaulted_functions
    Feature record: CXX_FEATURE:1cxx_defaulted_move_initializers
    Feature record: CXX_FEATURE:1cxx_delegating_constructors
    Feature record: CXX_FEATURE:1cxx_deleted_functions
    Feature record: CXX_FEATURE:0cxx_digit_separators
    Feature record: CXX_FEATURE:1cxx_enum_forward_declarations
    Feature record: CXX_FEATURE:1cxx_explicit_conversions
    Feature record: CXX_FEATURE:1cxx_extended_friend_declarations
    Feature record: CXX_FEATURE:1cxx_extern_templates
    Feature record: CXX_FEATURE:1cxx_final
    Feature record: CXX_FEATURE:1cxx_func_identifier
    Feature record: CXX_FEATURE:1cxx_generalized_initializers
    Feature record: CXX_FEATURE:0cxx_generic_lambdas
    Feature record: CXX_FEATURE:1cxx_inheriting_constructors
    Feature record: CXX_FEATURE:1cxx_inline_namespaces
    Feature record: CXX_FEATURE:1cxx_lambdas
    Feature record: CXX_FEATURE:0cxx_lambda_init_captures
    Feature record: CXX_FEATURE:1cxx_local_type_template_args
    Feature record: CXX_FEATURE:1cxx_long_long_type
    Feature record: CXX_FEATURE:1cxx_noexcept
    Feature record: CXX_FEATURE:1cxx_nonstatic_member_init
    Feature record: CXX_FEATURE:1cxx_nullptr
    Feature record: CXX_FEATURE:1cxx_override
    Feature record: CXX_FEATURE:1cxx_range_for
    Feature record: CXX_FEATURE:1cxx_raw_string_literals
    Feature record: CXX_FEATURE:1cxx_reference_qualified_functions
    Feature record: CXX_FEATURE:0cxx_relaxed_constexpr
    Feature record: CXX_FEATURE:0cxx_return_type_deduction
    Feature record: CXX_FEATURE:1cxx_right_angle_brackets
    Feature record: CXX_FEATURE:1cxx_rvalue_references
    Feature record: CXX_FEATURE:1cxx_sizeof_member
    Feature record: CXX_FEATURE:1cxx_static_assert
    Feature record: CXX_FEATURE:1cxx_strong_enums
    Feature record: CXX_FEATURE:1cxx_template_template_parameters
    Feature record: CXX_FEATURE:1cxx_thread_local
    Feature record: CXX_FEATURE:1cxx_trailing_return_types
    Feature record: CXX_FEATURE:1cxx_unicode_literals
    Feature record: CXX_FEATURE:1cxx_uniform_initialization
    Feature record: CXX_FEATURE:1cxx_unrestricted_unions
    Feature record: CXX_FEATURE:1cxx_user_literals
    Feature record: CXX_FEATURE:0cxx_variable_templates
    Feature record: CXX_FEATURE:1cxx_variadic_macros
    Feature record: CXX_FEATURE:1cxx_variadic_templates


Detecting CXX [-std=c++98] compiler features compiled with the following output:
Change Dir: /home/gregwar/git/solarus/build_win32/CMakeFiles/CMakeTmp

Run Build Command:"/bin/make" "cmTC_b252e/fast"
/bin/make -f CMakeFiles/cmTC_b252e.dir/build.make CMakeFiles/cmTC_b252e.dir/build
make[1] : on entre dans le répertoire « /home/gregwar/git/solarus/build_win32/CMakeFiles/CMakeTmp »
Building CXX object CMakeFiles/cmTC_b252e.dir/feature_tests.cxx.obj
/home/gregwar/git/mxe/usr/bin/i686-w64-mingw32.shared.posix-g++    -std=c++98 -o CMakeFiles/cmTC_b252e.dir/feature_tests.cxx.obj -c /home/gregwar/git/solarus/build_win32/CMakeFiles/feature_tests.cxx
Linking CXX executable cmTC_b252e.exe
/home/gregwar/git/mxe/usr/x86_64-pc-linux-gnu/bin/cmake -E cmake_link_script CMakeFiles/cmTC_b252e.dir/link.txt --verbose=1
/home/gregwar/git/mxe/usr/x86_64-pc-linux-gnu/bin/cmake -E remove -f CMakeFiles/cmTC_b252e.dir/objects.a
/home/gregwar/git/mxe/usr/bin/i686-w64-mingw32.shared.posix-ar cr CMakeFiles/cmTC_b252e.dir/objects.a @CMakeFiles/cmTC_b252e.dir/objects1.rsp
/home/gregwar/git/mxe/usr/bin/i686-w64-mingw32.shared.posix-g++      -Wl,--whole-archive CMakeFiles/cmTC_b252e.dir/objects.a -Wl,--no-whole-archive  -o cmTC_b252e.exe -Wl,--out-implib,libcmTC_b252e.dll.a -Wl,--major-image-version,0,--minor-image-version,0 @CMakeFiles/cmTC_b252e.dir/linklibs.rsp
make[1] : on quitte le répertoire « /home/gregwar/git/solarus/build_win32/CMakeFiles/CMakeTmp »


    Feature record: CXX_FEATURE:0cxx_aggregate_default_initializers
    Feature record: CXX_FEATURE:0cxx_alias_templates
    Feature record: CXX_FEATURE:0cxx_alignas
    Feature record: CXX_FEATURE:0cxx_alignof
    Feature record: CXX_FEATURE:0cxx_attributes
    Feature record: CXX_FEATURE:0cxx_attribute_deprecated
    Feature record: CXX_FEATURE:0cxx_auto_type
    Feature record: CXX_FEATURE:0cxx_binary_literals
    Feature record: CXX_FEATURE:0cxx_constexpr
    Feature record: CXX_FEATURE:0cxx_contextual_conversions
    Feature record: CXX_FEATURE:0cxx_decltype
    Feature record: CXX_FEATURE:0cxx_decltype_auto
    Feature record: CXX_FEATURE:0cxx_decltype_incomplete_return_types
    Feature record: CXX_FEATURE:0cxx_default_function_template_args
    Feature record: CXX_FEATURE:0cxx_defaulted_functions
    Feature record: CXX_FEATURE:0cxx_defaulted_move_initializers
    Feature record: CXX_FEATURE:0cxx_delegating_constructors
    Feature record: CXX_FEATURE:0cxx_deleted_functions
    Feature record: CXX_FEATURE:0cxx_digit_separators
    Feature record: CXX_FEATURE:0cxx_enum_forward_declarations
    Feature record: CXX_FEATURE:0cxx_explicit_conversions
    Feature record: CXX_FEATURE:0cxx_extended_friend_declarations
    Feature record: CXX_FEATURE:0cxx_extern_templates
    Feature record: CXX_FEATURE:0cxx_final
    Feature record: CXX_FEATURE:0cxx_func_identifier
    Feature record: CXX_FEATURE:0cxx_generalized_initializers
    Feature record: CXX_FEATURE:0cxx_generic_lambdas
    Feature record: CXX_FEATURE:0cxx_inheriting_constructors
    Feature record: CXX_FEATURE:0cxx_inline_namespaces
    Feature record: CXX_FEATURE:0cxx_lambdas
    Feature record: CXX_FEATURE:0cxx_lambda_init_captures
    Feature record: CXX_FEATURE:0cxx_local_type_template_args
    Feature record: CXX_FEATURE:0cxx_long_long_type
    Feature record: CXX_FEATURE:0cxx_noexcept
    Feature record: CXX_FEATURE:0cxx_nonstatic_member_init
    Feature record: CXX_FEATURE:0cxx_nullptr
    Feature record: CXX_FEATURE:0cxx_override
    Feature record: CXX_FEATURE:0cxx_range_for
    Feature record: CXX_FEATURE:0cxx_raw_string_literals
    Feature record: CXX_FEATURE:0cxx_reference_qualified_functions
    Feature record: CXX_FEATURE:0cxx_relaxed_constexpr
    Feature record: CXX_FEATURE:0cxx_return_type_deduction
    Feature record: CXX_FEATURE:0cxx_right_angle_brackets
    Feature record: CXX_FEATURE:0cxx_rvalue_references
    Feature record: CXX_FEATURE:0cxx_sizeof_member
    Feature record: CXX_FEATURE:0cxx_static_assert
    Feature record: CXX_FEATURE:0cxx_strong_enums
    Feature record: CXX_FEATURE:1cxx_template_template_parameters
    Feature record: CXX_FEATURE:0cxx_thread_local
    Feature record: CXX_FEATURE:0cxx_trailing_return_types
    Feature record: CXX_FEATURE:0cxx_unicode_literals
    Feature record: CXX_FEATURE:0cxx_uniform_initialization
    Feature record: CXX_FEATURE:0cxx_unrestricted_unions
    Feature record: CXX_FEATURE:0cxx_user_literals
    Feature record: CXX_FEATURE:0cxx_variable_templates
    Feature record: CXX_FEATURE:0cxx_variadic_macros
    Feature record: CXX_FEATURE:0cxx_variadic_templates
Determining if the include file pthread.h exists passed with the following output:
Change Dir: /home/gregwar/git/solarus/build_win32/CMakeFiles/CMakeTmp

Run Build Command:"/bin/make" "cmTC_5768c/fast"
/bin/make -f CMakeFiles/cmTC_5768c.dir/build.make CMakeFiles/cmTC_5768c.dir/build
make[1] : on entre dans le répertoire « /home/gregwar/git/solarus/build_win32/CMakeFiles/CMakeTmp »
Building C object CMakeFiles/cmTC_5768c.dir/CheckIncludeFile.c.obj
/home/gregwar/git/mxe/usr/bin/i686-w64-mingw32.shared.posix-gcc    -o CMakeFiles/cmTC_5768c.dir/CheckIncludeFile.c.obj   -c /home/gregwar/git/solarus/build_win32/CMakeFiles/CMakeTmp/CheckIncludeFile.c
Linking C executable cmTC_5768c.exe
/home/gregwar/git/mxe/usr/x86_64-pc-linux-gnu/bin/cmake -E cmake_link_script CMakeFiles/cmTC_5768c.dir/link.txt --verbose=1
/home/gregwar/git/mxe/usr/x86_64-pc-linux-gnu/bin/cmake -E remove -f CMakeFiles/cmTC_5768c.dir/objects.a
/home/gregwar/git/mxe/usr/bin/i686-w64-mingw32.shared.posix-ar cr CMakeFiles/cmTC_5768c.dir/objects.a @CMakeFiles/cmTC_5768c.dir/objects1.rsp
/home/gregwar/git/mxe/usr/bin/i686-w64-mingw32.shared.posix-gcc      -Wl,--whole-archive CMakeFiles/cmTC_5768c.dir/objects.a -Wl,--no-whole-archive  -o cmTC_5768c.exe -Wl,--out-implib,libcmTC_5768c.dll.a -Wl,--major-image-version,0,--minor-image-version,0 @CMakeFiles/cmTC_5768c.dir/linklibs.rsp
make[1] : on quitte le répertoire « /home/gregwar/git/solarus/build_win32/CMakeFiles/CMakeTmp »


Determining if the pthread_create exist passed with the following output:
Change Dir: /home/gregwar/git/solarus/build_win32/CMakeFiles/CMakeTmp

Run Build Command:"/bin/make" "cmTC_2b3f4/fast"
/bin/make -f CMakeFiles/cmTC_2b3f4.dir/build.make CMakeFiles/cmTC_2b3f4.dir/build
make[1] : on entre dans le répertoire « /home/gregwar/git/solarus/build_win32/CMakeFiles/CMakeTmp »
Building C object CMakeFiles/cmTC_2b3f4.dir/CheckSymbolExists.c.obj
/home/gregwar/git/mxe/usr/bin/i686-w64-mingw32.shared.posix-gcc    -o CMakeFiles/cmTC_2b3f4.dir/CheckSymbolExists.c.obj   -c /home/gregwar/git/solarus/build_win32/CMakeFiles/CMakeTmp/CheckSymbolExists.c
Linking C executable cmTC_2b3f4.exe
/home/gregwar/git/mxe/usr/x86_64-pc-linux-gnu/bin/cmake -E cmake_link_script CMakeFiles/cmTC_2b3f4.dir/link.txt --verbose=1
/home/gregwar/git/mxe/usr/x86_64-pc-linux-gnu/bin/cmake -E remove -f CMakeFiles/cmTC_2b3f4.dir/objects.a
/home/gregwar/git/mxe/usr/bin/i686-w64-mingw32.shared.posix-ar cr CMakeFiles/cmTC_2b3f4.dir/objects.a @CMakeFiles/cmTC_2b3f4.dir/objects1.rsp
/home/gregwar/git/mxe/usr/bin/i686-w64-mingw32.shared.posix-gcc      -Wl,--whole-archive CMakeFiles/cmTC_2b3f4.dir/objects.a -Wl,--no-whole-archive  -o cmTC_2b3f4.exe -Wl,--out-implib,libcmTC_2b3f4.dll.a -Wl,--major-image-version,0,--minor-image-version,0 @CMakeFiles/cmTC_2b3f4.dir/linklibs.rsp
make[1] : on quitte le répertoire « /home/gregwar/git/solarus/build_win32/CMakeFiles/CMakeTmp »

File /home/gregwar/git/solarus/build_win32/CMakeFiles/CMakeTmp/CheckSymbolExists.c:
/* */
#include <pthread.h>

int main(int argc, char** argv)
{
  (void)argv;
#ifndef pthread_create
  return ((int*)(&pthread_create))[argc];
#else
  (void)argc;
  return 0;
#endif
}

